2021-12-29 15:11:02.502  INFO 23348 --- [restartedMain] com.rodrigo.core.CursoSpringApplication  : Starting CursoSpringApplication using Java 17.0.1 on DESKTOP-56GABVE with PID 23348 (C:\Users\Win10\Desktop\Spring Practicas\Spring Boot\CursoSpring\target\classes started by Win10 in C:\Users\Win10\Desktop\Spring Practicas\Spring Boot\CursoSpring)
2021-12-29 15:11:02.506  INFO 23348 --- [restartedMain] com.rodrigo.core.CursoSpringApplication  : No active profile set, falling back to default profiles: default
2021-12-29 15:11:02.550  INFO 23348 --- [restartedMain] .e.DevToolsPropertyDefaultsPostProcessor : Devtools property defaults active! Set 'spring.devtools.add-properties' to 'false' to disable
2021-12-29 15:11:02.550  INFO 23348 --- [restartedMain] .e.DevToolsPropertyDefaultsPostProcessor : For additional web related logging consider setting the 'logging.level.web' property to 'DEBUG'
2021-12-29 15:11:03.370  INFO 23348 --- [restartedMain] o.s.b.w.embedded.tomcat.TomcatWebServer  : Tomcat initialized with port(s): 8086 (http)
2021-12-29 15:11:03.379  INFO 23348 --- [restartedMain] o.apache.catalina.core.StandardService   : Starting service [Tomcat]
2021-12-29 15:11:03.379  INFO 23348 --- [restartedMain] org.apache.catalina.core.StandardEngine  : Starting Servlet engine: [Apache Tomcat/9.0.55]
2021-12-29 15:11:03.431  INFO 23348 --- [restartedMain] o.a.c.c.C.[Tomcat].[localhost].[/]       : Initializing Spring embedded WebApplicationContext
2021-12-29 15:11:03.431  INFO 23348 --- [restartedMain] w.s.c.ServletWebServerApplicationContext : Root WebApplicationContext: initialization completed in 880 ms
2021-12-29 15:11:03.716  INFO 23348 --- [restartedMain] o.s.b.a.w.s.WelcomePageHandlerMapping    : Adding welcome page template: index
2021-12-29 15:11:03.836  INFO 23348 --- [restartedMain] o.s.b.d.a.OptionalLiveReloadServer       : LiveReload server is running on port 35729
2021-12-29 15:11:03.889  INFO 23348 --- [restartedMain] o.s.b.w.embedded.tomcat.TomcatWebServer  : Tomcat started on port(s): 8086 (http) with context path ''
2021-12-29 15:11:03.897  INFO 23348 --- [restartedMain] com.rodrigo.core.CursoSpringApplication  : Started CursoSpringApplication in 1.729 seconds (JVM running for 2.489)
2021-12-29 15:29:58.156  INFO 23348 --- [RMI TCP Connection(28)-127.0.0.1] inMXBeanRegistrar$SpringApplicationAdmin : Application shutdown requested.
2021-12-29 15:30:02.193  INFO 22744 --- [restartedMain] com.rodrigo.core.CursoSpringApplication  : Starting CursoSpringApplication using Java 17.0.1 on DESKTOP-56GABVE with PID 22744 (C:\Users\Win10\Desktop\Spring Practicas\Spring Boot\CursoSpring\target\classes started by Win10 in C:\Users\Win10\Desktop\Spring Practicas\Spring Boot\CursoSpring)
2021-12-29 15:30:02.193  INFO 22744 --- [restartedMain] com.rodrigo.core.CursoSpringApplication  : No active profile set, falling back to default profiles: default
2021-12-29 15:30:02.231  INFO 22744 --- [restartedMain] .e.DevToolsPropertyDefaultsPostProcessor : Devtools property defaults active! Set 'spring.devtools.add-properties' to 'false' to disable
2021-12-29 15:30:02.231  INFO 22744 --- [restartedMain] .e.DevToolsPropertyDefaultsPostProcessor : For additional web related logging consider setting the 'logging.level.web' property to 'DEBUG'
2021-12-29 15:30:02.943  INFO 22744 --- [restartedMain] o.s.b.w.embedded.tomcat.TomcatWebServer  : Tomcat initialized with port(s): 8086 (http)
2021-12-29 15:30:02.951  INFO 22744 --- [restartedMain] o.apache.catalina.core.StandardService   : Starting service [Tomcat]
2021-12-29 15:30:02.951  INFO 22744 --- [restartedMain] org.apache.catalina.core.StandardEngine  : Starting Servlet engine: [Apache Tomcat/9.0.55]
2021-12-29 15:30:02.997  INFO 22744 --- [restartedMain] o.a.c.c.C.[Tomcat].[localhost].[/]       : Initializing Spring embedded WebApplicationContext
2021-12-29 15:30:02.997  INFO 22744 --- [restartedMain] w.s.c.ServletWebServerApplicationContext : Root WebApplicationContext: initialization completed in 766 ms
2021-12-29 15:30:03.195  INFO 22744 --- [restartedMain] o.s.b.a.w.s.WelcomePageHandlerMapping    : Adding welcome page template: index
2021-12-29 15:30:03.306  INFO 22744 --- [restartedMain] o.s.b.d.a.OptionalLiveReloadServer       : LiveReload server is running on port 35729
2021-12-29 15:30:03.348  INFO 22744 --- [restartedMain] o.s.b.w.embedded.tomcat.TomcatWebServer  : Tomcat started on port(s): 8086 (http) with context path ''
2021-12-29 15:30:03.356  INFO 22744 --- [restartedMain] com.rodrigo.core.CursoSpringApplication  : Started CursoSpringApplication in 1.477 seconds (JVM running for 2.067)
2021-12-29 15:30:03.358  INFO 22744 --- [restartedMain] ication$$EnhancerBySpringCGLIB$$9d87747c : insert into permiso(Nombre) values ('Administracion')
2021-12-29 15:31:29.138  INFO 22744 --- [RMI TCP Connection(11)-127.0.0.1] inMXBeanRegistrar$SpringApplicationAdmin : Application shutdown requested.
2021-12-29 15:31:32.785  INFO 1464 --- [restartedMain] com.rodrigo.core.CursoSpringApplication  : Starting CursoSpringApplication using Java 17.0.1 on DESKTOP-56GABVE with PID 1464 (C:\Users\Win10\Desktop\Spring Practicas\Spring Boot\CursoSpring\target\classes started by Win10 in C:\Users\Win10\Desktop\Spring Practicas\Spring Boot\CursoSpring)
2021-12-29 15:31:32.786  INFO 1464 --- [restartedMain] com.rodrigo.core.CursoSpringApplication  : No active profile set, falling back to default profiles: default
2021-12-29 15:31:32.819  INFO 1464 --- [restartedMain] .e.DevToolsPropertyDefaultsPostProcessor : Devtools property defaults active! Set 'spring.devtools.add-properties' to 'false' to disable
2021-12-29 15:31:32.819  INFO 1464 --- [restartedMain] .e.DevToolsPropertyDefaultsPostProcessor : For additional web related logging consider setting the 'logging.level.web' property to 'DEBUG'
2021-12-29 15:31:33.548  INFO 1464 --- [restartedMain] o.s.b.w.embedded.tomcat.TomcatWebServer  : Tomcat initialized with port(s): 8086 (http)
2021-12-29 15:31:33.556  INFO 1464 --- [restartedMain] o.apache.catalina.core.StandardService   : Starting service [Tomcat]
2021-12-29 15:31:33.556  INFO 1464 --- [restartedMain] org.apache.catalina.core.StandardEngine  : Starting Servlet engine: [Apache Tomcat/9.0.55]
2021-12-29 15:31:33.601  INFO 1464 --- [restartedMain] o.a.c.c.C.[Tomcat].[localhost].[/]       : Initializing Spring embedded WebApplicationContext
2021-12-29 15:31:33.601  INFO 1464 --- [restartedMain] w.s.c.ServletWebServerApplicationContext : Root WebApplicationContext: initialization completed in 782 ms
2021-12-29 15:31:33.798  INFO 1464 --- [restartedMain] o.s.b.a.w.s.WelcomePageHandlerMapping    : Adding welcome page template: index
2021-12-29 15:31:33.907  INFO 1464 --- [restartedMain] o.s.b.d.a.OptionalLiveReloadServer       : LiveReload server is running on port 35729
2021-12-29 15:31:33.949  INFO 1464 --- [restartedMain] o.s.b.w.embedded.tomcat.TomcatWebServer  : Tomcat started on port(s): 8086 (http) with context path ''
2021-12-29 15:31:33.957  INFO 1464 --- [restartedMain] com.rodrigo.core.CursoSpringApplication  : Started CursoSpringApplication in 1.474 seconds (JVM running for 2.069)
2021-12-29 15:58:53.314  INFO 1464 --- [restartedMain] com.rodrigo.core.CursoSpringApplication  : Starting CursoSpringApplication using Java 17.0.1 on DESKTOP-56GABVE with PID 1464 (C:\Users\Win10\Desktop\Spring Practicas\Spring Boot\CursoSpring\target\classes started by Win10 in C:\Users\Win10\Desktop\Spring Practicas\Spring Boot\CursoSpring)
2021-12-29 15:58:53.315  INFO 1464 --- [restartedMain] com.rodrigo.core.CursoSpringApplication  : No active profile set, falling back to default profiles: default
2021-12-29 15:58:53.484  INFO 1464 --- [restartedMain] o.s.b.w.embedded.tomcat.TomcatWebServer  : Tomcat initialized with port(s): 8086 (http)
2021-12-29 15:58:53.485  INFO 1464 --- [restartedMain] o.apache.catalina.core.StandardService   : Starting service [Tomcat]
2021-12-29 15:58:53.485  INFO 1464 --- [restartedMain] org.apache.catalina.core.StandardEngine  : Starting Servlet engine: [Apache Tomcat/9.0.55]
2021-12-29 15:58:53.498  INFO 1464 --- [restartedMain] o.a.c.c.C.[Tomcat].[localhost].[/]       : Initializing Spring embedded WebApplicationContext
2021-12-29 15:58:53.498  INFO 1464 --- [restartedMain] w.s.c.ServletWebServerApplicationContext : Root WebApplicationContext: initialization completed in 181 ms
2021-12-29 15:58:53.558  INFO 1464 --- [restartedMain] o.s.b.a.w.s.WelcomePageHandlerMapping    : Adding welcome page template: index
2021-12-29 15:58:53.594  INFO 1464 --- [restartedMain] o.s.b.d.a.OptionalLiveReloadServer       : LiveReload server is running on port 35729
2021-12-29 15:58:53.605  INFO 1464 --- [restartedMain] o.s.b.w.embedded.tomcat.TomcatWebServer  : Tomcat started on port(s): 8086 (http) with context path ''
2021-12-29 15:58:53.608  INFO 1464 --- [restartedMain] com.rodrigo.core.CursoSpringApplication  : Started CursoSpringApplication in 0.316 seconds (JVM running for 1641.72)
2021-12-29 15:58:53.735  INFO 1464 --- [restartedMain] .ConditionEvaluationDeltaLoggingListener : Condition evaluation unchanged
2021-12-29 16:06:55.158  INFO 1464 --- [RMI TCP Connection(50)-127.0.0.1] inMXBeanRegistrar$SpringApplicationAdmin : Application shutdown requested.
2021-12-29 16:06:58.893  INFO 23996 --- [restartedMain] com.rodrigo.core.CursoSpringApplication  : Starting CursoSpringApplication using Java 17.0.1 on DESKTOP-56GABVE with PID 23996 (C:\Users\Win10\Desktop\Spring Practicas\Spring Boot\CursoSpring\target\classes started by Win10 in C:\Users\Win10\Desktop\Spring Practicas\Spring Boot\CursoSpring)
2021-12-29 16:06:58.894  INFO 23996 --- [restartedMain] com.rodrigo.core.CursoSpringApplication  : No active profile set, falling back to default profiles: default
2021-12-29 16:06:58.930  INFO 23996 --- [restartedMain] .e.DevToolsPropertyDefaultsPostProcessor : Devtools property defaults active! Set 'spring.devtools.add-properties' to 'false' to disable
2021-12-29 16:06:58.930  INFO 23996 --- [restartedMain] .e.DevToolsPropertyDefaultsPostProcessor : For additional web related logging consider setting the 'logging.level.web' property to 'DEBUG'
2021-12-29 16:06:59.642  INFO 23996 --- [restartedMain] o.s.b.w.embedded.tomcat.TomcatWebServer  : Tomcat initialized with port(s): 8086 (http)
2021-12-29 16:06:59.649  INFO 23996 --- [restartedMain] o.apache.catalina.core.StandardService   : Starting service [Tomcat]
2021-12-29 16:06:59.649  INFO 23996 --- [restartedMain] org.apache.catalina.core.StandardEngine  : Starting Servlet engine: [Apache Tomcat/9.0.55]
2021-12-29 16:06:59.695  INFO 23996 --- [restartedMain] o.a.c.c.C.[Tomcat].[localhost].[/]       : Initializing Spring embedded WebApplicationContext
2021-12-29 16:06:59.696  INFO 23996 --- [restartedMain] w.s.c.ServletWebServerApplicationContext : Root WebApplicationContext: initialization completed in 765 ms
2021-12-29 16:06:59.913  INFO 23996 --- [restartedMain] o.s.b.a.w.s.WelcomePageHandlerMapping    : Adding welcome page template: index
2021-12-29 16:07:00.026  INFO 23996 --- [restartedMain] o.s.b.d.a.OptionalLiveReloadServer       : LiveReload server is running on port 35729
2021-12-29 16:07:00.074  INFO 23996 --- [restartedMain] o.s.b.w.embedded.tomcat.TomcatWebServer  : Tomcat started on port(s): 8086 (http) with context path ''
2021-12-29 16:07:00.083  INFO 23996 --- [restartedMain] com.rodrigo.core.CursoSpringApplication  : Started CursoSpringApplication in 1.516 seconds (JVM running for 2.151)
2021-12-29 16:07:16.940  INFO 2336 --- [restartedMain] com.rodrigo.core.CursoSpringApplication  : Starting CursoSpringApplication using Java 17.0.1 on DESKTOP-56GABVE with PID 2336 (C:\Users\Win10\Desktop\Spring Practicas\Spring Boot\CursoSpring\target\classes started by Win10 in C:\Users\Win10\Desktop\Spring Practicas\Spring Boot\CursoSpring)
2021-12-29 16:07:16.941  INFO 2336 --- [restartedMain] com.rodrigo.core.CursoSpringApplication  : No active profile set, falling back to default profiles: default
2021-12-29 16:07:16.974  INFO 2336 --- [restartedMain] .e.DevToolsPropertyDefaultsPostProcessor : Devtools property defaults active! Set 'spring.devtools.add-properties' to 'false' to disable
2021-12-29 16:07:16.974  INFO 2336 --- [restartedMain] .e.DevToolsPropertyDefaultsPostProcessor : For additional web related logging consider setting the 'logging.level.web' property to 'DEBUG'
2021-12-29 16:07:17.679  INFO 2336 --- [restartedMain] o.s.b.w.embedded.tomcat.TomcatWebServer  : Tomcat initialized with port(s): 8086 (http)
2021-12-29 16:07:17.686  INFO 2336 --- [restartedMain] o.apache.catalina.core.StandardService   : Starting service [Tomcat]
2021-12-29 16:07:17.687  INFO 2336 --- [restartedMain] org.apache.catalina.core.StandardEngine  : Starting Servlet engine: [Apache Tomcat/9.0.55]
2021-12-29 16:07:17.732  INFO 2336 --- [restartedMain] o.a.c.c.C.[Tomcat].[localhost].[/]       : Initializing Spring embedded WebApplicationContext
2021-12-29 16:07:17.732  INFO 2336 --- [restartedMain] w.s.c.ServletWebServerApplicationContext : Root WebApplicationContext: initialization completed in 758 ms
2021-12-29 16:07:17.931  INFO 2336 --- [restartedMain] o.s.b.a.w.s.WelcomePageHandlerMapping    : Adding welcome page template: index
2021-12-29 16:07:18.039  WARN 2336 --- [restartedMain] o.s.b.d.a.OptionalLiveReloadServer       : Unable to start LiveReload server
2021-12-29 16:07:18.051  WARN 2336 --- [restartedMain] ConfigServletWebServerApplicationContext : Exception encountered during context initialization - cancelling refresh attempt: org.springframework.context.ApplicationContextException: Failed to start bean 'webServerStartStop'; nested exception is org.springframework.boot.web.server.PortInUseException: Port 8086 is already in use
2021-12-29 16:07:18.054  INFO 2336 --- [restartedMain] o.apache.catalina.core.StandardService   : Stopping service [Tomcat]
2021-12-29 16:07:18.063  INFO 2336 --- [restartedMain] ConditionEvaluationReportLoggingListener : 

Error starting ApplicationContext. To display the conditions report re-run your application with 'debug' enabled.
2021-12-29 16:07:18.132 ERROR 2336 --- [restartedMain] o.s.b.d.LoggingFailureAnalysisReporter   : 

***************************
APPLICATION FAILED TO START
***************************

Description:

Web server failed to start. Port 8086 was already in use.

Action:

Identify and stop the process that's listening on port 8086 or configure this application to listen on another port.

2021-12-29 16:07:30.441  INFO 23996 --- [RMI TCP Connection(10)-127.0.0.1] inMXBeanRegistrar$SpringApplicationAdmin : Application shutdown requested.
2021-12-29 16:07:34.448  INFO 27952 --- [restartedMain] com.rodrigo.core.CursoSpringApplication  : Starting CursoSpringApplication using Java 17.0.1 on DESKTOP-56GABVE with PID 27952 (C:\Users\Win10\Desktop\Spring Practicas\Spring Boot\CursoSpring\target\classes started by Win10 in C:\Users\Win10\Desktop\Spring Practicas\Spring Boot\CursoSpring)
2021-12-29 16:07:34.448  INFO 27952 --- [restartedMain] com.rodrigo.core.CursoSpringApplication  : No active profile set, falling back to default profiles: default
2021-12-29 16:07:34.484  INFO 27952 --- [restartedMain] .e.DevToolsPropertyDefaultsPostProcessor : Devtools property defaults active! Set 'spring.devtools.add-properties' to 'false' to disable
2021-12-29 16:07:34.484  INFO 27952 --- [restartedMain] .e.DevToolsPropertyDefaultsPostProcessor : For additional web related logging consider setting the 'logging.level.web' property to 'DEBUG'
2021-12-29 16:07:35.181  INFO 27952 --- [restartedMain] o.s.b.w.embedded.tomcat.TomcatWebServer  : Tomcat initialized with port(s): 8086 (http)
2021-12-29 16:07:35.189  INFO 27952 --- [restartedMain] o.apache.catalina.core.StandardService   : Starting service [Tomcat]
2021-12-29 16:07:35.189  INFO 27952 --- [restartedMain] org.apache.catalina.core.StandardEngine  : Starting Servlet engine: [Apache Tomcat/9.0.55]
2021-12-29 16:07:35.233  INFO 27952 --- [restartedMain] o.a.c.c.C.[Tomcat].[localhost].[/]       : Initializing Spring embedded WebApplicationContext
2021-12-29 16:07:35.233  INFO 27952 --- [restartedMain] w.s.c.ServletWebServerApplicationContext : Root WebApplicationContext: initialization completed in 749 ms
2021-12-29 16:07:35.432  INFO 27952 --- [restartedMain] o.s.b.a.w.s.WelcomePageHandlerMapping    : Adding welcome page template: index
2021-12-29 16:07:35.540  INFO 27952 --- [restartedMain] o.s.b.d.a.OptionalLiveReloadServer       : LiveReload server is running on port 35729
2021-12-29 16:07:35.581  INFO 27952 --- [restartedMain] o.s.b.w.embedded.tomcat.TomcatWebServer  : Tomcat started on port(s): 8086 (http) with context path ''
2021-12-29 16:07:35.588  INFO 27952 --- [restartedMain] com.rodrigo.core.CursoSpringApplication  : Started CursoSpringApplication in 1.415 seconds (JVM running for 1.992)
2021-12-29 16:08:49.839  INFO 27952 --- [RMI TCP Connection(11)-127.0.0.1] inMXBeanRegistrar$SpringApplicationAdmin : Application shutdown requested.
2021-12-29 16:08:55.016  INFO 25796 --- [restartedMain] com.rodrigo.core.CursoSpringApplication  : Starting CursoSpringApplication using Java 17.0.1 on DESKTOP-56GABVE with PID 25796 (C:\Users\Win10\Desktop\Spring Practicas\Spring Boot\CursoSpring\target\classes started by Win10 in C:\Users\Win10\Desktop\Spring Practicas\Spring Boot\CursoSpring)
2021-12-29 16:08:55.017  INFO 25796 --- [restartedMain] com.rodrigo.core.CursoSpringApplication  : No active profile set, falling back to default profiles: default
2021-12-29 16:08:55.055  INFO 25796 --- [restartedMain] .e.DevToolsPropertyDefaultsPostProcessor : Devtools property defaults active! Set 'spring.devtools.add-properties' to 'false' to disable
2021-12-29 16:08:55.055  INFO 25796 --- [restartedMain] .e.DevToolsPropertyDefaultsPostProcessor : For additional web related logging consider setting the 'logging.level.web' property to 'DEBUG'
2021-12-29 16:08:55.757  INFO 25796 --- [restartedMain] o.s.b.w.embedded.tomcat.TomcatWebServer  : Tomcat initialized with port(s): 8086 (http)
2021-12-29 16:08:55.764  INFO 25796 --- [restartedMain] o.apache.catalina.core.StandardService   : Starting service [Tomcat]
2021-12-29 16:08:55.764  INFO 25796 --- [restartedMain] org.apache.catalina.core.StandardEngine  : Starting Servlet engine: [Apache Tomcat/9.0.55]
2021-12-29 16:08:55.855  INFO 25796 --- [restartedMain] o.a.c.c.C.[Tomcat].[localhost].[/]       : Initializing Spring embedded WebApplicationContext
2021-12-29 16:08:55.855  INFO 25796 --- [restartedMain] w.s.c.ServletWebServerApplicationContext : Root WebApplicationContext: initialization completed in 800 ms
2021-12-29 16:08:56.061  INFO 25796 --- [restartedMain] o.s.b.a.w.s.WelcomePageHandlerMapping    : Adding welcome page template: index
2021-12-29 16:08:56.174  INFO 25796 --- [restartedMain] o.s.b.d.a.OptionalLiveReloadServer       : LiveReload server is running on port 35729
2021-12-29 16:08:56.216  INFO 25796 --- [restartedMain] o.s.b.w.embedded.tomcat.TomcatWebServer  : Tomcat started on port(s): 8086 (http) with context path ''
2021-12-29 16:08:56.224  INFO 25796 --- [restartedMain] com.rodrigo.core.CursoSpringApplication  : Started CursoSpringApplication in 1.492 seconds (JVM running for 2.075)
2021-12-29 16:09:11.962  INFO 25796 --- [RMI TCP Connection(7)-127.0.0.1] inMXBeanRegistrar$SpringApplicationAdmin : Application shutdown requested.
2021-12-29 16:09:13.904  INFO 6904 --- [restartedMain] com.rodrigo.core.CursoSpringApplication  : Starting CursoSpringApplication using Java 17.0.1 on DESKTOP-56GABVE with PID 6904 (C:\Users\Win10\Desktop\Spring Practicas\Spring Boot\CursoSpring\target\classes started by Win10 in C:\Users\Win10\Desktop\Spring Practicas\Spring Boot\CursoSpring)
2021-12-29 16:09:13.905  INFO 6904 --- [restartedMain] com.rodrigo.core.CursoSpringApplication  : No active profile set, falling back to default profiles: default
2021-12-29 16:09:13.942  INFO 6904 --- [restartedMain] .e.DevToolsPropertyDefaultsPostProcessor : Devtools property defaults active! Set 'spring.devtools.add-properties' to 'false' to disable
2021-12-29 16:09:13.942  INFO 6904 --- [restartedMain] .e.DevToolsPropertyDefaultsPostProcessor : For additional web related logging consider setting the 'logging.level.web' property to 'DEBUG'
2021-12-29 16:09:14.639  INFO 6904 --- [restartedMain] o.s.b.w.embedded.tomcat.TomcatWebServer  : Tomcat initialized with port(s): 8086 (http)
2021-12-29 16:09:14.647  INFO 6904 --- [restartedMain] o.apache.catalina.core.StandardService   : Starting service [Tomcat]
2021-12-29 16:09:14.647  INFO 6904 --- [restartedMain] org.apache.catalina.core.StandardEngine  : Starting Servlet engine: [Apache Tomcat/9.0.55]
2021-12-29 16:09:14.725  INFO 6904 --- [restartedMain] o.a.c.c.C.[Tomcat].[localhost].[/]       : Initializing Spring embedded WebApplicationContext
2021-12-29 16:09:14.726  INFO 6904 --- [restartedMain] w.s.c.ServletWebServerApplicationContext : Root WebApplicationContext: initialization completed in 784 ms
2021-12-29 16:09:14.923  INFO 6904 --- [restartedMain] o.s.b.a.w.s.WelcomePageHandlerMapping    : Adding welcome page template: index
2021-12-29 16:09:15.033  INFO 6904 --- [restartedMain] o.s.b.d.a.OptionalLiveReloadServer       : LiveReload server is running on port 35729
2021-12-29 16:09:15.074  INFO 6904 --- [restartedMain] o.s.b.w.embedded.tomcat.TomcatWebServer  : Tomcat started on port(s): 8086 (http) with context path ''
2021-12-29 16:09:15.082  INFO 6904 --- [restartedMain] com.rodrigo.core.CursoSpringApplication  : Started CursoSpringApplication in 1.461 seconds (JVM running for 2.039)
2021-12-29 16:09:28.199  INFO 6904 --- [RMI TCP Connection(8)-127.0.0.1] inMXBeanRegistrar$SpringApplicationAdmin : Application shutdown requested.
2021-12-29 16:09:31.430  INFO 19180 --- [restartedMain] com.rodrigo.core.CursoSpringApplication  : Starting CursoSpringApplication using Java 17.0.1 on DESKTOP-56GABVE with PID 19180 (C:\Users\Win10\Desktop\Spring Practicas\Spring Boot\CursoSpring\target\classes started by Win10 in C:\Users\Win10\Desktop\Spring Practicas\Spring Boot\CursoSpring)
2021-12-29 16:09:31.431  INFO 19180 --- [restartedMain] com.rodrigo.core.CursoSpringApplication  : No active profile set, falling back to default profiles: default
2021-12-29 16:09:31.470  INFO 19180 --- [restartedMain] .e.DevToolsPropertyDefaultsPostProcessor : Devtools property defaults active! Set 'spring.devtools.add-properties' to 'false' to disable
2021-12-29 16:09:31.470  INFO 19180 --- [restartedMain] .e.DevToolsPropertyDefaultsPostProcessor : For additional web related logging consider setting the 'logging.level.web' property to 'DEBUG'
2021-12-29 16:09:32.223  INFO 19180 --- [restartedMain] o.s.b.w.embedded.tomcat.TomcatWebServer  : Tomcat initialized with port(s): 8086 (http)
2021-12-29 16:09:32.230  INFO 19180 --- [restartedMain] o.apache.catalina.core.StandardService   : Starting service [Tomcat]
2021-12-29 16:09:32.231  INFO 19180 --- [restartedMain] org.apache.catalina.core.StandardEngine  : Starting Servlet engine: [Apache Tomcat/9.0.55]
2021-12-29 16:09:32.278  INFO 19180 --- [restartedMain] o.a.c.c.C.[Tomcat].[localhost].[/]       : Initializing Spring embedded WebApplicationContext
2021-12-29 16:09:32.278  INFO 19180 --- [restartedMain] w.s.c.ServletWebServerApplicationContext : Root WebApplicationContext: initialization completed in 807 ms
2021-12-29 16:09:32.475  INFO 19180 --- [restartedMain] o.s.b.a.w.s.WelcomePageHandlerMapping    : Adding welcome page template: index
2021-12-29 16:09:32.584  INFO 19180 --- [restartedMain] o.s.b.d.a.OptionalLiveReloadServer       : LiveReload server is running on port 35729
2021-12-29 16:09:32.625  INFO 19180 --- [restartedMain] o.s.b.w.embedded.tomcat.TomcatWebServer  : Tomcat started on port(s): 8086 (http) with context path ''
2021-12-29 16:09:32.633  INFO 19180 --- [restartedMain] com.rodrigo.core.CursoSpringApplication  : Started CursoSpringApplication in 1.484 seconds (JVM running for 2.095)
2021-12-29 16:11:36.576  INFO 19180 --- [restartedMain] com.rodrigo.core.CursoSpringApplication  : Starting CursoSpringApplication using Java 17.0.1 on DESKTOP-56GABVE with PID 19180 (C:\Users\Win10\Desktop\Spring Practicas\Spring Boot\CursoSpring\target\classes started by Win10 in C:\Users\Win10\Desktop\Spring Practicas\Spring Boot\CursoSpring)
2021-12-29 16:11:36.576  INFO 19180 --- [restartedMain] com.rodrigo.core.CursoSpringApplication  : No active profile set, falling back to default profiles: default
2021-12-29 16:11:36.724  INFO 19180 --- [restartedMain] o.s.b.w.embedded.tomcat.TomcatWebServer  : Tomcat initialized with port(s): 8086 (http)
2021-12-29 16:11:36.724  INFO 19180 --- [restartedMain] o.apache.catalina.core.StandardService   : Starting service [Tomcat]
2021-12-29 16:11:36.724  INFO 19180 --- [restartedMain] org.apache.catalina.core.StandardEngine  : Starting Servlet engine: [Apache Tomcat/9.0.55]
2021-12-29 16:11:36.771  INFO 19180 --- [restartedMain] o.a.c.c.C.[Tomcat].[localhost].[/]       : Initializing Spring embedded WebApplicationContext
2021-12-29 16:11:36.771  INFO 19180 --- [restartedMain] w.s.c.ServletWebServerApplicationContext : Root WebApplicationContext: initialization completed in 193 ms
2021-12-29 16:11:36.819  INFO 19180 --- [restartedMain] o.s.b.a.w.s.WelcomePageHandlerMapping    : Adding welcome page template: index
2021-12-29 16:11:36.847  INFO 19180 --- [restartedMain] o.s.b.d.a.OptionalLiveReloadServer       : LiveReload server is running on port 35729
2021-12-29 16:11:36.853  INFO 19180 --- [restartedMain] o.s.b.w.embedded.tomcat.TomcatWebServer  : Tomcat started on port(s): 8086 (http) with context path ''
2021-12-29 16:11:36.857  INFO 19180 --- [restartedMain] com.rodrigo.core.CursoSpringApplication  : Started CursoSpringApplication in 0.302 seconds (JVM running for 126.32)
2021-12-29 16:11:36.861  INFO 19180 --- [restartedMain] .ConditionEvaluationDeltaLoggingListener : Condition evaluation unchanged
2021-12-29 16:17:42.876  INFO 27592 --- [restartedMain] com.rodrigo.core.CursoSpringApplication  : Starting CursoSpringApplication using Java 17.0.1 on DESKTOP-56GABVE with PID 27592 (C:\Users\Win10\Desktop\Spring Practicas\Spring Boot\CursoSpring\target\classes started by Win10 in C:\Users\Win10\Desktop\Spring Practicas\Spring Boot\CursoSpring)
2021-12-29 16:17:42.878  INFO 27592 --- [restartedMain] com.rodrigo.core.CursoSpringApplication  : No active profile set, falling back to default profiles: default
2021-12-29 16:17:42.933  INFO 27592 --- [restartedMain] .e.DevToolsPropertyDefaultsPostProcessor : Devtools property defaults active! Set 'spring.devtools.add-properties' to 'false' to disable
2021-12-29 16:17:42.933  INFO 27592 --- [restartedMain] .e.DevToolsPropertyDefaultsPostProcessor : For additional web related logging consider setting the 'logging.level.web' property to 'DEBUG'
2021-12-29 16:17:43.100  INFO 19180 --- [restartedMain] com.rodrigo.core.CursoSpringApplication  : Starting CursoSpringApplication using Java 17.0.1 on DESKTOP-56GABVE with PID 19180 (C:\Users\Win10\Desktop\Spring Practicas\Spring Boot\CursoSpring\target\classes started by Win10 in C:\Users\Win10\Desktop\Spring Practicas\Spring Boot\CursoSpring)
2021-12-29 16:17:43.100  INFO 19180 --- [restartedMain] com.rodrigo.core.CursoSpringApplication  : No active profile set, falling back to default profiles: default
2021-12-29 16:17:43.277  INFO 19180 --- [restartedMain] o.s.b.w.embedded.tomcat.TomcatWebServer  : Tomcat initialized with port(s): 8086 (http)
2021-12-29 16:17:43.278  INFO 19180 --- [restartedMain] o.apache.catalina.core.StandardService   : Starting service [Tomcat]
2021-12-29 16:17:43.278  INFO 19180 --- [restartedMain] org.apache.catalina.core.StandardEngine  : Starting Servlet engine: [Apache Tomcat/9.0.55]
2021-12-29 16:17:43.290  INFO 19180 --- [restartedMain] o.a.c.c.C.[Tomcat].[localhost].[/]       : Initializing Spring embedded WebApplicationContext
2021-12-29 16:17:43.290  INFO 19180 --- [restartedMain] w.s.c.ServletWebServerApplicationContext : Root WebApplicationContext: initialization completed in 188 ms
2021-12-29 16:17:43.344  INFO 19180 --- [restartedMain] o.s.b.a.w.s.WelcomePageHandlerMapping    : Adding welcome page template: index
2021-12-29 16:17:43.379  INFO 19180 --- [restartedMain] o.s.b.d.a.OptionalLiveReloadServer       : LiveReload server is running on port 35729
2021-12-29 16:17:43.386  INFO 19180 --- [restartedMain] o.s.b.w.embedded.tomcat.TomcatWebServer  : Tomcat started on port(s): 8086 (http) with context path ''
2021-12-29 16:17:43.390  INFO 19180 --- [restartedMain] com.rodrigo.core.CursoSpringApplication  : Started CursoSpringApplication in 0.316 seconds (JVM running for 492.852)
2021-12-29 16:17:43.512  INFO 19180 --- [restartedMain] ication$$EnhancerBySpringCGLIB$$cd1f00a5 : Tenemos esta cantidad de permisos3
2021-12-29 16:17:43.512  INFO 19180 --- [restartedMain] .ConditionEvaluationDeltaLoggingListener : Condition evaluation unchanged
2021-12-29 16:17:43.722  INFO 27592 --- [restartedMain] o.s.b.w.embedded.tomcat.TomcatWebServer  : Tomcat initialized with port(s): 8086 (http)
2021-12-29 16:17:43.730  INFO 27592 --- [restartedMain] o.apache.catalina.core.StandardService   : Starting service [Tomcat]
2021-12-29 16:17:43.730  INFO 27592 --- [restartedMain] org.apache.catalina.core.StandardEngine  : Starting Servlet engine: [Apache Tomcat/9.0.55]
2021-12-29 16:17:43.780  INFO 27592 --- [restartedMain] o.a.c.c.C.[Tomcat].[localhost].[/]       : Initializing Spring embedded WebApplicationContext
2021-12-29 16:17:43.780  INFO 27592 --- [restartedMain] w.s.c.ServletWebServerApplicationContext : Root WebApplicationContext: initialization completed in 847 ms
2021-12-29 16:17:43.993  INFO 27592 --- [restartedMain] o.s.b.a.w.s.WelcomePageHandlerMapping    : Adding welcome page template: index
2021-12-29 16:17:44.106  WARN 27592 --- [restartedMain] o.s.b.d.a.OptionalLiveReloadServer       : Unable to start LiveReload server
2021-12-29 16:17:44.119  WARN 27592 --- [restartedMain] ConfigServletWebServerApplicationContext : Exception encountered during context initialization - cancelling refresh attempt: org.springframework.context.ApplicationContextException: Failed to start bean 'webServerStartStop'; nested exception is org.springframework.boot.web.server.PortInUseException: Port 8086 is already in use
2021-12-29 16:17:44.122  INFO 27592 --- [restartedMain] o.apache.catalina.core.StandardService   : Stopping service [Tomcat]
2021-12-29 16:17:44.131  INFO 27592 --- [restartedMain] ConditionEvaluationReportLoggingListener : 

Error starting ApplicationContext. To display the conditions report re-run your application with 'debug' enabled.
2021-12-29 16:17:44.146 ERROR 27592 --- [restartedMain] o.s.b.d.LoggingFailureAnalysisReporter   : 

***************************
APPLICATION FAILED TO START
***************************

Description:

Web server failed to start. Port 8086 was already in use.

Action:

Identify and stop the process that's listening on port 8086 or configure this application to listen on another port.

2021-12-29 16:17:47.080  INFO 19180 --- [RMI TCP Connection(18)-127.0.0.1] inMXBeanRegistrar$SpringApplicationAdmin : Application shutdown requested.
2021-12-29 16:17:51.001  INFO 19372 --- [restartedMain] com.rodrigo.core.CursoSpringApplication  : Starting CursoSpringApplication using Java 17.0.1 on DESKTOP-56GABVE with PID 19372 (C:\Users\Win10\Desktop\Spring Practicas\Spring Boot\CursoSpring\target\classes started by Win10 in C:\Users\Win10\Desktop\Spring Practicas\Spring Boot\CursoSpring)
2021-12-29 16:17:51.001  INFO 19372 --- [restartedMain] com.rodrigo.core.CursoSpringApplication  : No active profile set, falling back to default profiles: default
2021-12-29 16:17:51.038  INFO 19372 --- [restartedMain] .e.DevToolsPropertyDefaultsPostProcessor : Devtools property defaults active! Set 'spring.devtools.add-properties' to 'false' to disable
2021-12-29 16:17:51.038  INFO 19372 --- [restartedMain] .e.DevToolsPropertyDefaultsPostProcessor : For additional web related logging consider setting the 'logging.level.web' property to 'DEBUG'
2021-12-29 16:17:51.741  INFO 19372 --- [restartedMain] o.s.b.w.embedded.tomcat.TomcatWebServer  : Tomcat initialized with port(s): 8086 (http)
2021-12-29 16:17:51.750  INFO 19372 --- [restartedMain] o.apache.catalina.core.StandardService   : Starting service [Tomcat]
2021-12-29 16:17:51.750  INFO 19372 --- [restartedMain] org.apache.catalina.core.StandardEngine  : Starting Servlet engine: [Apache Tomcat/9.0.55]
2021-12-29 16:17:51.796  INFO 19372 --- [restartedMain] o.a.c.c.C.[Tomcat].[localhost].[/]       : Initializing Spring embedded WebApplicationContext
2021-12-29 16:17:51.796  INFO 19372 --- [restartedMain] w.s.c.ServletWebServerApplicationContext : Root WebApplicationContext: initialization completed in 757 ms
2021-12-29 16:17:51.992  INFO 19372 --- [restartedMain] o.s.b.a.w.s.WelcomePageHandlerMapping    : Adding welcome page template: index
2021-12-29 16:17:52.101  INFO 19372 --- [restartedMain] o.s.b.d.a.OptionalLiveReloadServer       : LiveReload server is running on port 35729
2021-12-29 16:17:52.143  INFO 19372 --- [restartedMain] o.s.b.w.embedded.tomcat.TomcatWebServer  : Tomcat started on port(s): 8086 (http) with context path ''
2021-12-29 16:17:52.151  INFO 19372 --- [restartedMain] com.rodrigo.core.CursoSpringApplication  : Started CursoSpringApplication in 1.421 seconds (JVM running for 2.003)
2021-12-29 16:17:52.259  INFO 19372 --- [restartedMain] ication$$EnhancerBySpringCGLIB$$dccb7b22 : Tenemos esta cantidad de permisos3
2021-12-29 17:35:01.334  INFO 19372 --- [RMI TCP Connection(53)-127.0.0.1] inMXBeanRegistrar$SpringApplicationAdmin : Application shutdown requested.
2021-12-29 17:35:05.447  INFO 26716 --- [restartedMain] com.rodrigo.core.CursoSpringApplication  : Starting CursoSpringApplication using Java 17.0.1 on DESKTOP-56GABVE with PID 26716 (C:\Users\Win10\Desktop\Spring Practicas\Spring Boot\CursoSpring\target\classes started by Win10 in C:\Users\Win10\Desktop\Spring Practicas\Spring Boot\CursoSpring)
2021-12-29 17:35:05.447  INFO 26716 --- [restartedMain] com.rodrigo.core.CursoSpringApplication  : No active profile set, falling back to default profiles: default
2021-12-29 17:35:05.482  INFO 26716 --- [restartedMain] .e.DevToolsPropertyDefaultsPostProcessor : Devtools property defaults active! Set 'spring.devtools.add-properties' to 'false' to disable
2021-12-29 17:35:05.482  INFO 26716 --- [restartedMain] .e.DevToolsPropertyDefaultsPostProcessor : For additional web related logging consider setting the 'logging.level.web' property to 'DEBUG'
2021-12-29 17:35:06.191  INFO 26716 --- [restartedMain] o.s.b.w.embedded.tomcat.TomcatWebServer  : Tomcat initialized with port(s): 8086 (http)
2021-12-29 17:35:06.200  INFO 26716 --- [restartedMain] o.apache.catalina.core.StandardService   : Starting service [Tomcat]
2021-12-29 17:35:06.201  INFO 26716 --- [restartedMain] org.apache.catalina.core.StandardEngine  : Starting Servlet engine: [Apache Tomcat/9.0.55]
2021-12-29 17:35:06.249  INFO 26716 --- [restartedMain] o.a.c.c.C.[Tomcat].[localhost].[/]       : Initializing Spring embedded WebApplicationContext
2021-12-29 17:35:06.250  INFO 26716 --- [restartedMain] w.s.c.ServletWebServerApplicationContext : Root WebApplicationContext: initialization completed in 768 ms
2021-12-29 17:35:06.448  INFO 26716 --- [restartedMain] o.s.b.a.w.s.WelcomePageHandlerMapping    : Adding welcome page template: index
2021-12-29 17:35:06.554  INFO 26716 --- [restartedMain] o.s.b.d.a.OptionalLiveReloadServer       : LiveReload server is running on port 35729
2021-12-29 17:35:06.597  INFO 26716 --- [restartedMain] o.s.b.w.embedded.tomcat.TomcatWebServer  : Tomcat started on port(s): 8086 (http) with context path ''
2021-12-29 17:35:06.605  INFO 26716 --- [restartedMain] com.rodrigo.core.CursoSpringApplication  : Started CursoSpringApplication in 1.465 seconds (JVM running for 2.034)
2021-12-29 17:35:06.718  INFO 26716 --- [restartedMain] ication$$EnhancerBySpringCGLIB$$dccb7b22 : Tenemos esta cantidad de permisos 3
2021-12-29 17:36:34.765  INFO 26716 --- [RMI TCP Connection(11)-127.0.0.1] inMXBeanRegistrar$SpringApplicationAdmin : Application shutdown requested.
